This file contains any messages produced by compilers while
running configure, to aid debugging if configure makes a mistake.

It was created by FULL-PACKAGE-NAME configure VERSION, which was
generated by GNU Autoconf 2.68.  Invocation command line was

  $ ./configure 

## --------- ##
## Platform. ##
## --------- ##

hostname = pc-PC
uname -m = i686
uname -r = 1.0.19(0.48/3/2)
uname -s = MINGW32_NT-6.1
uname -v = 2016-07-13 17:45

/usr/bin/uname -p = unknown
/bin/uname -X     = unknown

/bin/arch              = unknown
/usr/bin/arch -k       = unknown
/usr/convex/getsysinfo = unknown
/usr/bin/hostinfo      = unknown
/bin/machine           = unknown
/usr/bin/oslevel       = unknown
/bin/universe          = unknown

PATH: .
PATH: /usr/local/bin
PATH: /mingw/bin
PATH: /bin
PATH: /c/Program Files (x86)/AMD APP/bin/x86_64
PATH: /c/Program Files (x86)/AMD APP/bin/x86
PATH: /c/Windows/system32
PATH: /c/Windows
PATH: /c/Windows/System32/Wbem
PATH: /c/Windows/System32/WindowsPowerShell/v1.0/
PATH: /c/Program Files (x86)/ATI Technologies/ATI.ACE/Core-Static
PATH: /c/Program Files (x86)/Microsoft SQL Server/90/Tools/binn/
PATH: /d/Program Files/Oracle/VirtualBox
PATH: /d/Program Files/Lua/5.1
PATH: /d/Program Files/Lua/5.1/clibs
PATH: /c/Users/pc/AppData/Local/Programs/Python/Python36-32/Scripts/
PATH: /c/Users/pc/AppData/Local/Programs/Python/Python36-32/
PATH: /i/softwares/console/
PATH: /i/softwares/console/TCC
PATH: /i/softwares/console/WATCOM/binnt
PATH: /i/softwares/console/MinGW/bin
PATH: /i/softwares/console/GnuWin32/bin
PATH: /i/softwares/console/JDK/bin
PATH: /usr/bin
PATH: /i/softwares/console/MinGW/mingw32/bin
PATH: /i/softwares/console/JDK/jre
PATH: /i/softwares/console/VC/bin/x86
PATH: /i/softwares/console/VC/bin/x64
PATH: .


## ----------- ##
## Core tests. ##
## ----------- ##

configure:2221: checking for gcc
configure:2237: found /bin/gcc
configure:2248: result: gcc
configure:2477: checking for C compiler version
configure:2486: gcc --version >&5
gcc (GCC) 3.4.4 (msys special)
Copyright (C) 2004 Free Software Foundation, Inc.
This is free software; see the source for copying conditions.  There is NO
warranty; not even for MERCHANTABILITY or FITNESS FOR A PARTICULAR PURPOSE.

configure:2497: $? = 0
configure:2486: gcc -v >&5
Reading specs from /usr/lib/gcc/i686-pc-msys/3.4.4/specs
Configured with: /home/cstrauss/build/gcc3/gcc-3.4.4/configure --prefix=/usr --sysconfdir=/etc --localstatedir=/var --infodir=/share/info --mandir=/share/man --libexecdir=/lib --enable-languages=c,c++ --disable-nls --enable-threads=posix --enable-sjlj-exceptions --enable-hash-synchronization --enable-libstdcxx-debug --with-newlib
Thread model: posix
gcc version 3.4.4 (msys special)
configure:2497: $? = 0
configure:2486: gcc -V >&5
gcc: `-V' option must have argument
configure:2497: $? = 1
configure:2486: gcc -qversion >&5
gcc: unrecognized option `-qversion'
gcc: no input files
configure:2497: $? = 1
configure:2517: checking whether the C compiler works
configure:2539: gcc    conftest.c  >&5
configure:2543: $? = 0
configure:2591: result: yes
configure:2594: checking for C compiler default output file name
configure:2596: result: a.exe
configure:2602: checking for suffix of executables
configure:2609: gcc -o conftest.exe    conftest.c  >&5
configure:2613: $? = 0
configure:2635: result: .exe
configure:2657: checking whether we are cross compiling
configure:2665: gcc -o conftest.exe    conftest.c  >&5
configure:2669: $? = 0
configure:2676: ./conftest.exe
configure:2680: $? = 0
configure:2695: result: no
configure:2700: checking for suffix of object files
configure:2722: gcc -c   conftest.c >&5
configure:2726: $? = 0
configure:2747: result: o
configure:2751: checking whether we are using the GNU C compiler
configure:2770: gcc -c   conftest.c >&5
configure:2770: $? = 0
configure:2779: result: yes
configure:2788: checking whether gcc accepts -g
configure:2808: gcc -c -g  conftest.c >&5
configure:2808: $? = 0
configure:2849: result: yes
configure:2866: checking for gcc option to accept ISO C89
configure:2930: gcc  -c -g -O2  conftest.c >&5
configure:2930: $? = 0
configure:2943: result: none needed
configure:2973: checking how to run the C preprocessor
configure:3004: gcc -E  conftest.c
configure:3004: $? = 0
configure:3018: gcc -E  conftest.c
conftest.c:9:28: ac_nonexistent.h: No such file or directory
configure:3018: $? = 1
configure: failed program was:
| /* confdefs.h */
| #define PACKAGE_NAME "FULL-PACKAGE-NAME"
| #define PACKAGE_TARNAME "full-package-name"
| #define PACKAGE_VERSION "VERSION"
| #define PACKAGE_STRING "FULL-PACKAGE-NAME VERSION"
| #define PACKAGE_BUGREPORT "BUG-REPORT-ADDRESS"
| #define PACKAGE_URL ""
| /* end confdefs.h.  */
| #include <ac_nonexistent.h>
configure:3043: result: gcc -E
configure:3063: gcc -E  conftest.c
configure:3063: $? = 0
configure:3077: gcc -E  conftest.c
conftest.c:9:28: ac_nonexistent.h: No such file or directory
configure:3077: $? = 1
configure: failed program was:
| /* confdefs.h */
| #define PACKAGE_NAME "FULL-PACKAGE-NAME"
| #define PACKAGE_TARNAME "full-package-name"
| #define PACKAGE_VERSION "VERSION"
| #define PACKAGE_STRING "FULL-PACKAGE-NAME VERSION"
| #define PACKAGE_BUGREPORT "BUG-REPORT-ADDRESS"
| #define PACKAGE_URL ""
| /* end confdefs.h.  */
| #include <ac_nonexistent.h>
configure:3106: checking for grep that handles long lines and -e
configure:3164: result: /bin/grep
configure:3169: checking for egrep
configure:3231: result: /bin/grep -E
configure:3236: checking for ANSI C header files
configure:3256: gcc -c -g -O2  conftest.c >&5
configure:3256: $? = 0
configure:3329: gcc -o conftest.exe -g -O2   conftest.c  >&5
configure:3329: $? = 0
configure:3329: ./conftest.exe
configure:3329: $? = 0
configure:3340: result: yes
configure:3353: checking for sys/types.h
configure:3353: gcc -c -g -O2  conftest.c >&5
configure:3353: $? = 0
configure:3353: result: yes
configure:3353: checking for sys/stat.h
configure:3353: gcc -c -g -O2  conftest.c >&5
configure:3353: $? = 0
configure:3353: result: yes
configure:3353: checking for stdlib.h
configure:3353: gcc -c -g -O2  conftest.c >&5
configure:3353: $? = 0
configure:3353: result: yes
configure:3353: checking for string.h
configure:3353: gcc -c -g -O2  conftest.c >&5
configure:3353: $? = 0
configure:3353: result: yes
configure:3353: checking for memory.h
configure:3353: gcc -c -g -O2  conftest.c >&5
configure:3353: $? = 0
configure:3353: result: yes
configure:3353: checking for strings.h
configure:3353: gcc -c -g -O2  conftest.c >&5
configure:3353: $? = 0
configure:3353: result: yes
configure:3353: checking for inttypes.h
configure:3353: gcc -c -g -O2  conftest.c >&5
conftest.c:50:22: inttypes.h: No such file or directory
configure:3353: $? = 1
configure: failed program was:
| /* confdefs.h */
| #define PACKAGE_NAME "FULL-PACKAGE-NAME"
| #define PACKAGE_TARNAME "full-package-name"
| #define PACKAGE_VERSION "VERSION"
| #define PACKAGE_STRING "FULL-PACKAGE-NAME VERSION"
| #define PACKAGE_BUGREPORT "BUG-REPORT-ADDRESS"
| #define PACKAGE_URL ""
| #define STDC_HEADERS 1
| #define HAVE_SYS_TYPES_H 1
| #define HAVE_SYS_STAT_H 1
| #define HAVE_STDLIB_H 1
| #define HAVE_STRING_H 1
| #define HAVE_MEMORY_H 1
| #define HAVE_STRINGS_H 1
| /* end confdefs.h.  */
| #include <stdio.h>
| #ifdef HAVE_SYS_TYPES_H
| # include <sys/types.h>
| #endif
| #ifdef HAVE_SYS_STAT_H
| # include <sys/stat.h>
| #endif
| #ifdef STDC_HEADERS
| # include <stdlib.h>
| # include <stddef.h>
| #else
| # ifdef HAVE_STDLIB_H
| #  include <stdlib.h>
| # endif
| #endif
| #ifdef HAVE_STRING_H
| # if !defined STDC_HEADERS && defined HAVE_MEMORY_H
| #  include <memory.h>
| # endif
| # include <string.h>
| #endif
| #ifdef HAVE_STRINGS_H
| # include <strings.h>
| #endif
| #ifdef HAVE_INTTYPES_H
| # include <inttypes.h>
| #endif
| #ifdef HAVE_STDINT_H
| # include <stdint.h>
| #endif
| #ifdef HAVE_UNISTD_H
| # include <unistd.h>
| #endif
| 
| #include <inttypes.h>
configure:3353: result: no
configure:3353: checking for stdint.h
configure:3353: gcc -c -g -O2  conftest.c >&5
conftest.c:50:20: stdint.h: No such file or directory
configure:3353: $? = 1
configure: failed program was:
| /* confdefs.h */
| #define PACKAGE_NAME "FULL-PACKAGE-NAME"
| #define PACKAGE_TARNAME "full-package-name"
| #define PACKAGE_VERSION "VERSION"
| #define PACKAGE_STRING "FULL-PACKAGE-NAME VERSION"
| #define PACKAGE_BUGREPORT "BUG-REPORT-ADDRESS"
| #define PACKAGE_URL ""
| #define STDC_HEADERS 1
| #define HAVE_SYS_TYPES_H 1
| #define HAVE_SYS_STAT_H 1
| #define HAVE_STDLIB_H 1
| #define HAVE_STRING_H 1
| #define HAVE_MEMORY_H 1
| #define HAVE_STRINGS_H 1
| /* end confdefs.h.  */
| #include <stdio.h>
| #ifdef HAVE_SYS_TYPES_H
| # include <sys/types.h>
| #endif
| #ifdef HAVE_SYS_STAT_H
| # include <sys/stat.h>
| #endif
| #ifdef STDC_HEADERS
| # include <stdlib.h>
| # include <stddef.h>
| #else
| # ifdef HAVE_STDLIB_H
| #  include <stdlib.h>
| # endif
| #endif
| #ifdef HAVE_STRING_H
| # if !defined STDC_HEADERS && defined HAVE_MEMORY_H
| #  include <memory.h>
| # endif
| # include <string.h>
| #endif
| #ifdef HAVE_STRINGS_H
| # include <strings.h>
| #endif
| #ifdef HAVE_INTTYPES_H
| # include <inttypes.h>
| #endif
| #ifdef HAVE_STDINT_H
| # include <stdint.h>
| #endif
| #ifdef HAVE_UNISTD_H
| # include <unistd.h>
| #endif
| 
| #include <stdint.h>
configure:3353: result: no
configure:3353: checking for unistd.h
configure:3353: gcc -c -g -O2  conftest.c >&5
configure:3353: $? = 0
configure:3353: result: yes
configure:3368: checking for stdlib.h
configure:3368: result: yes
configure:3368: checking for string.h
configure:3368: result: yes
configure:3368: checking termios.h usability
configure:3368: gcc -c -g -O2  conftest.c >&5
configure:3368: $? = 0
configure:3368: result: yes
configure:3368: checking termios.h presence
configure:3368: gcc -E  conftest.c
configure:3368: $? = 0
configure:3368: result: yes
configure:3368: checking for termios.h
configure:3368: result: yes
configure:3368: checking for unistd.h
configure:3368: result: yes
configure:3380: checking for size_t
configure:3380: gcc -c -g -O2  conftest.c >&5
configure:3380: $? = 0
configure:3380: gcc -c -g -O2  conftest.c >&5
conftest.c: In function `main':
conftest.c:57: error: parse error before ')' token
configure:3380: $? = 1
configure: failed program was:
| /* confdefs.h */
| #define PACKAGE_NAME "FULL-PACKAGE-NAME"
| #define PACKAGE_TARNAME "full-package-name"
| #define PACKAGE_VERSION "VERSION"
| #define PACKAGE_STRING "FULL-PACKAGE-NAME VERSION"
| #define PACKAGE_BUGREPORT "BUG-REPORT-ADDRESS"
| #define PACKAGE_URL ""
| #define STDC_HEADERS 1
| #define HAVE_SYS_TYPES_H 1
| #define HAVE_SYS_STAT_H 1
| #define HAVE_STDLIB_H 1
| #define HAVE_STRING_H 1
| #define HAVE_MEMORY_H 1
| #define HAVE_STRINGS_H 1
| #define HAVE_UNISTD_H 1
| #define HAVE_STDLIB_H 1
| #define HAVE_STRING_H 1
| #define HAVE_TERMIOS_H 1
| #define HAVE_UNISTD_H 1
| /* end confdefs.h.  */
| #include <stdio.h>
| #ifdef HAVE_SYS_TYPES_H
| # include <sys/types.h>
| #endif
| #ifdef HAVE_SYS_STAT_H
| # include <sys/stat.h>
| #endif
| #ifdef STDC_HEADERS
| # include <stdlib.h>
| # include <stddef.h>
| #else
| # ifdef HAVE_STDLIB_H
| #  include <stdlib.h>
| # endif
| #endif
| #ifdef HAVE_STRING_H
| # if !defined STDC_HEADERS && defined HAVE_MEMORY_H
| #  include <memory.h>
| # endif
| # include <string.h>
| #endif
| #ifdef HAVE_STRINGS_H
| # include <strings.h>
| #endif
| #ifdef HAVE_INTTYPES_H
| # include <inttypes.h>
| #endif
| #ifdef HAVE_STDINT_H
| # include <stdint.h>
| #endif
| #ifdef HAVE_UNISTD_H
| # include <unistd.h>
| #endif
| int
| main ()
| {
| if (sizeof ((size_t)))
| 	    return 0;
|   ;
|   return 0;
| }
configure:3380: result: yes
configure:3395: checking for stdlib.h
configure:3395: result: yes
configure:3405: checking for GNU libc compatible malloc
configure:3429: gcc -o conftest.exe -g -O2   conftest.c  >&5
configure:3429: $? = 0
configure:3429: ./conftest.exe
configure:3429: $? = 0
configure:3439: result: yes
configure:3463: checking for pow
configure:3463: gcc -o conftest.exe -g -O2   conftest.c  >&5
conftest.c:46: warning: conflicting types for built-in function 'pow'
configure:3463: $? = 0
configure:3463: result: yes
configure:3463: checking for strerror
configure:3463: gcc -o conftest.exe -g -O2   conftest.c  >&5
configure:3463: $? = 0
configure:3463: result: yes
configure:3589: creating ./config.status

## ---------------------- ##
## Running config.status. ##
## ---------------------- ##

This file was extended by FULL-PACKAGE-NAME config.status VERSION, which was
generated by GNU Autoconf 2.68.  Invocation command line was

  CONFIG_FILES    = 
  CONFIG_HEADERS  = 
  CONFIG_LINKS    = 
  CONFIG_COMMANDS = 
  $ ./config.status 

on pc-PC

config.status:847: creating Makefile
config.status:847: creating config.h
configure:4838: checking for a BSD-compatible install
configure:4906: result: /bin/install -c
configure:4917: checking whether build environment is sane
configure:4967: result: yes
configure:5108: checking for a thread-safe mkdir -p
configure:5147: result: /bin/mkdir -p
configure:5160: checking for gawk
configure:5176: found /bin/gawk
configure:5187: result: gawk
configure:5198: checking whether make sets $(MAKE)
configure:5220: result: yes
configure:5250: checking for style of include used by make
configure:5278: result: GNU
configure:5363: checking dependency style of gcc
configure:5473: result: gcc3

## ---------------- ##
## Cache variables. ##
## ---------------- ##

ac_cv_c_compiler_gnu=yes
ac_cv_env_CC_set=
ac_cv_env_CC_value=
ac_cv_env_CFLAGS_set=
ac_cv_env_CFLAGS_value=
ac_cv_env_CPPFLAGS_set=
ac_cv_env_CPPFLAGS_value=
ac_cv_env_CPP_set=
ac_cv_env_CPP_value=
ac_cv_env_LDFLAGS_set=
ac_cv_env_LDFLAGS_value=
ac_cv_env_LIBS_set=
ac_cv_env_LIBS_value=
ac_cv_env_build_alias_set=
ac_cv_env_build_alias_value=
ac_cv_env_host_alias_set=
ac_cv_env_host_alias_value=
ac_cv_env_target_alias_set=
ac_cv_env_target_alias_value=
ac_cv_exeext=.exe
ac_cv_func_malloc_0_nonnull=yes
ac_cv_func_pow=yes
ac_cv_func_strerror=yes
ac_cv_header_inttypes_h=no
ac_cv_header_memory_h=yes
ac_cv_header_stdc=yes
ac_cv_header_stdint_h=no
ac_cv_header_stdlib_h=yes
ac_cv_header_string_h=yes
ac_cv_header_strings_h=yes
ac_cv_header_sys_stat_h=yes
ac_cv_header_sys_types_h=yes
ac_cv_header_termios_h=yes
ac_cv_header_unistd_h=yes
ac_cv_objext=o
ac_cv_path_EGREP='/bin/grep -E'
ac_cv_path_GREP=/bin/grep
ac_cv_path_install='/bin/install -c'
ac_cv_path_mkdir=/bin/mkdir
ac_cv_prog_AWK=gawk
ac_cv_prog_CPP='gcc -E'
ac_cv_prog_ac_ct_CC=gcc
ac_cv_prog_cc_c89=
ac_cv_prog_cc_g=yes
ac_cv_prog_make_make_set=yes
ac_cv_type_size_t=yes
am_cv_CC_dependencies_compiler_type=gcc3

## ----------------- ##
## Output variables. ##
## ----------------- ##

ACLOCAL='${SHELL} /d/githubprojects/slib/missing --run aclocal-1.11'
AMDEPBACKSLASH='\'
AMDEP_FALSE='#'
AMDEP_TRUE=''
AMTAR='${SHELL} /d/githubprojects/slib/missing --run tar'
AUTOCONF='${SHELL} /d/githubprojects/slib/missing --run autoconf'
AUTOHEADER='${SHELL} /d/githubprojects/slib/missing --run autoheader'
AUTOMAKE='${SHELL} /d/githubprojects/slib/missing --run automake-1.11'
AWK='gawk'
CC='gcc'
CCDEPMODE='depmode=gcc3'
CFLAGS='-g -O2'
CPP='gcc -E'
CPPFLAGS=''
CYGPATH_W='echo'
DEFS='-DHAVE_CONFIG_H'
DEPDIR='.deps'
ECHO_C=''
ECHO_N='-n'
ECHO_T=''
EGREP='/bin/grep -E'
EXEEXT='.exe'
GREP='/bin/grep'
INSTALL_DATA='${INSTALL} -m 644'
INSTALL_PROGRAM='${INSTALL}'
INSTALL_SCRIPT='${INSTALL}'
INSTALL_STRIP_PROGRAM='$(install_sh) -c -s'
LDFLAGS=''
LIBOBJS=''
LIBS=''
LTLIBOBJS=''
MAKEINFO='${SHELL} /d/githubprojects/slib/missing --run makeinfo'
MKDIR_P='/bin/mkdir -p'
OBJEXT='o'
PACKAGE='seg_utils'
PACKAGE_BUGREPORT='BUG-REPORT-ADDRESS'
PACKAGE_NAME='FULL-PACKAGE-NAME'
PACKAGE_STRING='FULL-PACKAGE-NAME VERSION'
PACKAGE_TARNAME='full-package-name'
PACKAGE_URL=''
PACKAGE_VERSION='VERSION'
PATH_SEPARATOR=':'
SET_MAKE=''
SHELL='/bin/sh'
STRIP=''
VERSION='1.0'
ac_ct_CC='gcc'
am__fastdepCC_FALSE='#'
am__fastdepCC_TRUE=''
am__include='include'
am__isrc=''
am__leading_dot='.'
am__quote=''
am__tar='${AMTAR} chof - "$$tardir"'
am__untar='${AMTAR} xf -'
bindir='${exec_prefix}/bin'
build_alias=''
datadir='${datarootdir}'
datarootdir='${prefix}/share'
docdir='${datarootdir}/doc/${PACKAGE_TARNAME}'
dvidir='${docdir}'
exec_prefix='${prefix}'
host_alias=''
htmldir='${docdir}'
includedir='${prefix}/include'
infodir='${datarootdir}/info'
install_sh='${SHELL} /d/githubprojects/slib/install-sh'
libdir='${exec_prefix}/lib'
libexecdir='${exec_prefix}/libexec'
localedir='${datarootdir}/locale'
localstatedir='${prefix}/var'
mandir='${datarootdir}/man'
mkdir_p='/bin/mkdir -p'
oldincludedir='/usr/include'
pdfdir='${docdir}'
prefix='/usr/local'
program_transform_name='s,x,x,'
psdir='${docdir}'
sbindir='${exec_prefix}/sbin'
sharedstatedir='${prefix}/com'
sysconfdir='${prefix}/etc'
target_alias=''

## ----------- ##
## confdefs.h. ##
## ----------- ##

/* confdefs.h */
#define PACKAGE_NAME "FULL-PACKAGE-NAME"
#define PACKAGE_TARNAME "full-package-name"
#define PACKAGE_VERSION "VERSION"
#define PACKAGE_STRING "FULL-PACKAGE-NAME VERSION"
#define PACKAGE_BUGREPORT "BUG-REPORT-ADDRESS"
#define PACKAGE_URL ""
#define STDC_HEADERS 1
#define HAVE_SYS_TYPES_H 1
#define HAVE_SYS_STAT_H 1
#define HAVE_STDLIB_H 1
#define HAVE_STRING_H 1
#define HAVE_MEMORY_H 1
#define HAVE_STRINGS_H 1
#define HAVE_UNISTD_H 1
#define HAVE_STDLIB_H 1
#define HAVE_STRING_H 1
#define HAVE_TERMIOS_H 1
#define HAVE_UNISTD_H 1
#define HAVE_STDLIB_H 1
#define HAVE_MALLOC 1
#define HAVE_POW 1
#define HAVE_STRERROR 1
#define PACKAGE "seg_utils"
#define VERSION "1.0"

configure: exit 0
